[0m[[0m[0mdebug[0m] [0m[0m> Exec(compile, Some(13e72b1d-d8a6-4c71-a3b7-19ddf942d145), Some(CommandSource(console0)))[0m
[0m[[0m[0mdebug[0m] [0m[0mEvaluating tasks: Compile / compile[0m
[0m[[0m[0mdebug[0m] [0m[0mRunning task... Cancel: Signal, check cycles: false, forcegc: true[0m
[0m[[0m[0minfo[0m] [0m[0mcompiling 3 Scala sources to /home/gabriel/Escritorio/InterpreteLambda/src/main/scala/target/scala-2.12/classes ...[0m
[0m[[0m[31merror[0m] [0m[0m/home/gabriel/Escritorio/InterpreteLambda/src/main/scala/Token.scala:1:28: not found: type Token[0m
[0m[[0m[31merror[0m] [0m[0mcase object LAMBDA extends Token[0m
[0m[[0m[31merror[0m] [0m[0m                           ^[0m
[0m[[0m[31merror[0m] [0m[0m/home/gabriel/Escritorio/InterpreteLambda/src/main/scala/Token.scala:2:27: not found: type Token[0m
[0m[[0m[31merror[0m] [0m[0mcase object PUNTO extends Token[0m
[0m[[0m[31merror[0m] [0m[0m                          ^[0m
[0m[[0m[31merror[0m] [0m[0m/home/gabriel/Escritorio/InterpreteLambda/src/main/scala/Token.scala:3:26: not found: type Token[0m
[0m[[0m[31merror[0m] [0m[0mcase object LPAR extends Token[0m
[0m[[0m[31merror[0m] [0m[0m                         ^[0m
[0m[[0m[31merror[0m] [0m[0m/home/gabriel/Escritorio/InterpreteLambda/src/main/scala/Token.scala:4:26: not found: type Token[0m
[0m[[0m[31merror[0m] [0m[0mcase object RPAR extends Token[0m
[0m[[0m[31merror[0m] [0m[0m                         ^[0m
[0m[[0m[31merror[0m] [0m[0m/home/gabriel/Escritorio/InterpreteLambda/src/main/scala/Token.scala:5:25: not found: type Token[0m
[0m[[0m[31merror[0m] [0m[0mcase object VAR extends Token[0m
[0m[[0m[31merror[0m] [0m[0m                        ^[0m
[0m[[0m[31merror[0m] [0m[0m/home/gabriel/Escritorio/InterpreteLambda/src/main/scala/Token.scala:6:29: not found: type Token[0m
[0m[[0m[31merror[0m] [0m[0mcase object ESPACIO extends Token[0m
[0m[[0m[31merror[0m] [0m[0m                            ^[0m
[0m[[0m[31merror[0m] [0m[0m/home/gabriel/Escritorio/InterpreteLambda/src/main/scala/lexer.scala:2:43: not found: type Token[0m
[0m[[0m[31merror[0m] [0m[0m  def tokenizador(expresion: String):List[Token]={[0m
[0m[[0m[31merror[0m] [0m[0m                                          ^[0m
[0m[[0m[31merror[0m] [0m[0m/home/gabriel/Escritorio/InterpreteLambda/src/main/scala/lexer.scala:6:69: not found: type Token[0m
[0m[[0m[31merror[0m] [0m[0m  def tokenizadorAux(expresion:List[String],lista:List[Token]):List[Token]= expresion match{[0m
[0m[[0m[31merror[0m] [0m[0m                                                                    ^[0m
[0m[[0m[31merror[0m] [0m[0m/home/gabriel/Escritorio/InterpreteLambda/src/main/scala/lexer.scala:6:56: not found: type Token[0m
[0m[[0m[31merror[0m] [0m[0m  def tokenizadorAux(expresion:List[String],lista:List[Token]):List[Token]= expresion match{[0m
[0m[[0m[31merror[0m] [0m[0m                                                       ^[0m
[0m[[0m[31merror[0m] [0m[0m9 errors found[0m
[0m[[0m[31merror[0m] [0m[0m(Compile / [31mcompileIncremental[0m) Compilation failed[0m
[0m[[0m[31merror[0m] [0m[0mTotal time: 3 s, completed 23 may 2024 9:16:44[0m
[0m[[0m[0mdebug[0m] [0m[0m> Exec(shell, None, None)[0m
